# Logfile created on 2014-07-25 11:54:53 -0400 by logger.rb/41954
I, [2014-07-25T11:54:53.296495 #75443]  INFO -- : 0:  rake (10.3.2) from /Users/anthonyedwardsjr/.rvm/gems/ruby-2.0.0-p353/specifications/rake-10.3.2.gemspec
I, [2014-07-25T11:54:53.296840 #75443]  INFO -- : 0:  i18n (0.6.9) from /Users/anthonyedwardsjr/.rvm/gems/ruby-2.0.0-p353@global/specifications/i18n-0.6.9.gemspec
I, [2014-07-25T11:54:53.297157 #75443]  INFO -- : 0:  json (1.8.1) from /Users/anthonyedwardsjr/.rvm/gems/ruby-2.0.0-p353/specifications/json-1.8.1.gemspec
I, [2014-07-25T11:54:53.297459 #75443]  INFO -- : 0:  minitest (5.3.4) from /Users/anthonyedwardsjr/.rvm/gems/ruby-2.0.0-p353/specifications/minitest-5.3.4.gemspec
I, [2014-07-25T11:54:53.297748 #75443]  INFO -- : 0:  thread_safe (0.3.4) from /Users/anthonyedwardsjr/.rvm/gems/ruby-2.0.0-p353/specifications/thread_safe-0.3.4.gemspec
I, [2014-07-25T11:54:55.037460 #75443]  INFO -- : 0:  tzinfo (1.2.0) from /Users/anthonyedwardsjr/.rvm/gems/ruby-2.0.0-p353/specifications/tzinfo-1.2.0.gemspec
I, [2014-07-25T11:54:55.037912 #75443]  INFO -- : 0:  activesupport (4.1.1) from /Users/anthonyedwardsjr/.rvm/gems/ruby-2.0.0-p353/specifications/activesupport-4.1.1.gemspec
I, [2014-07-25T11:54:55.038216 #75443]  INFO -- : 0:  builder (3.2.2) from /Users/anthonyedwardsjr/.rvm/gems/ruby-2.0.0-p353/specifications/builder-3.2.2.gemspec
I, [2014-07-25T11:54:55.038511 #75443]  INFO -- : 0:  activemodel (4.1.1) from /Users/anthonyedwardsjr/.rvm/gems/ruby-2.0.0-p353/specifications/activemodel-4.1.1.gemspec
I, [2014-07-25T11:54:55.038799 #75443]  INFO -- : 0:  arel (5.0.1.20140414130214) from /Users/anthonyedwardsjr/.rvm/gems/ruby-2.0.0-p353/specifications/arel-5.0.1.20140414130214.gemspec
I, [2014-07-25T11:54:55.039086 #75443]  INFO -- : 0:  activerecord (4.1.1) from /Users/anthonyedwardsjr/.rvm/gems/ruby-2.0.0-p353/specifications/activerecord-4.1.1.gemspec
I, [2014-07-25T11:54:55.039369 #75443]  INFO -- : 0:  backports (3.6.0) from /Users/anthonyedwardsjr/.rvm/gems/ruby-2.0.0-p353/specifications/backports-3.6.0.gemspec
I, [2014-07-25T11:54:55.662791 #75443]  INFO -- : 0:  mime-types (2.3) from /Users/anthonyedwardsjr/.rvm/gems/ruby-2.0.0-p353/specifications/mime-types-2.3.gemspec
I, [2014-07-25T11:54:56.442106 #75443]  INFO -- : 0:  mini_portile (0.6.0) from /Users/anthonyedwardsjr/.rvm/gems/ruby-2.0.0-p353/specifications/mini_portile-0.6.0.gemspec
I, [2014-07-25T11:58:43.946166 #97588]  INFO -- : 0:  rake (10.3.2) from /Users/anthonyedwardsjr/.rvm/gems/ruby-2.0.0-p353/specifications/rake-10.3.2.gemspec
I, [2014-07-25T11:58:43.967505 #97588]  INFO -- : 0:  i18n (0.6.9) from /Users/anthonyedwardsjr/.rvm/gems/ruby-2.0.0-p353@global/specifications/i18n-0.6.9.gemspec
I, [2014-07-25T11:58:43.968369 #97588]  INFO -- : 0:  json (1.8.1) from /Users/anthonyedwardsjr/.rvm/gems/ruby-2.0.0-p353/specifications/json-1.8.1.gemspec
I, [2014-07-25T11:58:43.969102 #97588]  INFO -- : 0:  minitest (5.3.4) from /Users/anthonyedwardsjr/.rvm/gems/ruby-2.0.0-p353/specifications/minitest-5.3.4.gemspec
I, [2014-07-25T11:58:43.969648 #97588]  INFO -- : 0:  thread_safe (0.3.4) from /Users/anthonyedwardsjr/.rvm/gems/ruby-2.0.0-p353/specifications/thread_safe-0.3.4.gemspec
I, [2014-07-25T11:58:43.970194 #97588]  INFO -- : 0:  tzinfo (1.2.0) from /Users/anthonyedwardsjr/.rvm/gems/ruby-2.0.0-p353/specifications/tzinfo-1.2.0.gemspec
I, [2014-07-25T11:58:43.970635 #97588]  INFO -- : 0:  activesupport (4.1.1) from /Users/anthonyedwardsjr/.rvm/gems/ruby-2.0.0-p353/specifications/activesupport-4.1.1.gemspec
I, [2014-07-25T11:58:43.971069 #97588]  INFO -- : 0:  builder (3.2.2) from /Users/anthonyedwardsjr/.rvm/gems/ruby-2.0.0-p353/specifications/builder-3.2.2.gemspec
I, [2014-07-25T11:58:43.971499 #97588]  INFO -- : 0:  activemodel (4.1.1) from /Users/anthonyedwardsjr/.rvm/gems/ruby-2.0.0-p353/specifications/activemodel-4.1.1.gemspec
I, [2014-07-25T11:58:43.971926 #97588]  INFO -- : 0:  arel (5.0.1.20140414130214) from /Users/anthonyedwardsjr/.rvm/gems/ruby-2.0.0-p353/specifications/arel-5.0.1.20140414130214.gemspec
I, [2014-07-25T11:58:43.972350 #97588]  INFO -- : 0:  activerecord (4.1.1) from /Users/anthonyedwardsjr/.rvm/gems/ruby-2.0.0-p353/specifications/activerecord-4.1.1.gemspec
I, [2014-07-25T11:58:43.972804 #97588]  INFO -- : 0:  backports (3.6.0) from /Users/anthonyedwardsjr/.rvm/gems/ruby-2.0.0-p353/specifications/backports-3.6.0.gemspec
I, [2014-07-25T11:58:43.973202 #97588]  INFO -- : 0:  mime-types (2.3) from /Users/anthonyedwardsjr/.rvm/gems/ruby-2.0.0-p353/specifications/mime-types-2.3.gemspec
I, [2014-07-25T11:58:43.973600 #97588]  INFO -- : 0:  rack (1.5.2) from /Users/anthonyedwardsjr/.rvm/gems/ruby-2.0.0-p353@global/specifications/rack-1.5.2.gemspec
I, [2014-07-25T11:58:43.974000 #97588]  INFO -- : 0:  rack-test (0.6.2) from /Users/anthonyedwardsjr/.rvm/gems/ruby-2.0.0-p353@global/specifications/rack-test-0.6.2.gemspec
I, [2014-07-25T11:58:45.521018 #97588]  INFO -- : 0:  capybara (2.2.1) from /Users/anthonyedwardsjr/.rvm/gems/ruby-2.0.0-p353/specifications/capybara-2.2.1.gemspec
I, [2014-07-25T11:58:45.521448 #97588]  INFO -- : 0:  daemons (1.1.9) from /Users/anthonyedwardsjr/.rvm/gems/ruby-2.0.0-p353/specifications/daemons-1.1.9.gemspec
I, [2014-07-25T11:58:45.521752 #97588]  INFO -- : 0:  diff-lcs (1.2.5) from /Users/anthonyedwardsjr/.rvm/gems/ruby-2.0.0-p353/specifications/diff-lcs-1.2.5.gemspec
I, [2014-07-25T11:58:45.522040 #97588]  INFO -- : 0:  eventmachine (1.0.3) from /Users/anthonyedwardsjr/.rvm/gems/ruby-2.0.0-p353/specifications/eventmachine-1.0.3.gemspec
I, [2014-07-25T11:58:46.613764 #97588]  INFO -- : 0:  factory_girl (4.4.0) from /Users/anthonyedwardsjr/.rvm/gems/ruby-2.0.0-p353/specifications/factory_girl-4.4.0.gemspec
I, [2014-07-25T11:58:46.614247 #97588]  INFO -- : 0:  faker (1.3.0) from /Users/anthonyedwardsjr/.rvm/gems/ruby-2.0.0-p353/specifications/faker-1.3.0.gemspec
I, [2014-07-25T11:58:46.614554 #97588]  INFO -- : 0:  multi_json (1.10.1) from /Users/anthonyedwardsjr/.rvm/gems/ruby-2.0.0-p353/specifications/multi_json-1.10.1.gemspec
I, [2014-07-25T11:58:46.614831 #97588]  INFO -- : 0:  pg (0.17.1) from /Users/anthonyedwardsjr/.rvm/gems/ruby-2.0.0-p353/specifications/pg-0.17.1.gemspec
I, [2014-07-25T11:58:46.615133 #97588]  INFO -- : 0:  rack-protection (1.5.3) from /Users/anthonyedwardsjr/.rvm/gems/ruby-2.0.0-p353/specifications/rack-protection-1.5.3.gemspec
I, [2014-07-25T11:58:46.615433 #97588]  INFO -- : 0:  rspec-core (2.14.8) from /Users/anthonyedwardsjr/.rvm/gems/ruby-2.0.0-p353/specifications/rspec-core-2.14.8.gemspec
I, [2014-07-25T11:58:46.615734 #97588]  INFO -- : 0:  rspec-expectations (2.14.5) from /Users/anthonyedwardsjr/.rvm/gems/ruby-2.0.0-p353/specifications/rspec-expectations-2.14.5.gemspec
I, [2014-07-25T11:58:46.616035 #97588]  INFO -- : 0:  rspec-mocks (2.14.6) from /Users/anthonyedwardsjr/.rvm/gems/ruby-2.0.0-p353/specifications/rspec-mocks-2.14.6.gemspec
I, [2014-07-25T11:58:46.616338 #97588]  INFO -- : 0:  rspec (2.14.1) from /Users/anthonyedwardsjr/.rvm/gems/ruby-2.0.0-p353/specifications/rspec-2.14.1.gemspec
I, [2014-07-25T11:58:46.616630 #97588]  INFO -- : 0:  shotgun (0.9) from /Users/anthonyedwardsjr/.rvm/gems/ruby-2.0.0-p353/specifications/shotgun-0.9.gemspec
I, [2014-07-25T11:58:47.679837 #97588]  INFO -- : 0:  shoulda-matchers (2.6.1) from /Users/anthonyedwardsjr/.rvm/gems/ruby-2.0.0-p353/specifications/shoulda-matchers-2.6.1.gemspec
I, [2014-07-25T11:58:47.680289 #97588]  INFO -- : 0:  tilt (1.4.1) from /Users/anthonyedwardsjr/.rvm/gems/ruby-2.0.0-p353@global/specifications/tilt-1.4.1.gemspec
I, [2014-07-25T11:58:47.680558 #97588]  INFO -- : 0:  sinatra (1.4.5) from /Users/anthonyedwardsjr/.rvm/gems/ruby-2.0.0-p353/specifications/sinatra-1.4.5.gemspec
I, [2014-07-25T11:58:47.680816 #97588]  INFO -- : 0:  sinatra-contrib (1.4.2) from /Users/anthonyedwardsjr/.rvm/gems/ruby-2.0.0-p353/specifications/sinatra-contrib-1.4.2.gemspec
I, [2014-07-25T11:58:47.681050 #97588]  INFO -- : 0:  thin (1.6.2) from /Users/anthonyedwardsjr/.rvm/gems/ruby-2.0.0-p353/specifications/thin-1.6.2.gemspec
I, [2014-07-25T11:58:47.681274 #97588]  INFO -- : 0:  bundler (1.5.1) from /Users/anthonyedwardsjr/.rvm/gems/ruby-2.0.0-p353/specifications/bundler-1.5.1.gemspec
I, [2014-07-25T15:41:58.814931 #1477]  INFO -- : 0:  rake (10.3.2) from /Users/anthonyedwardsjr/.rvm/gems/ruby-2.0.0-p353/specifications/rake-10.3.2.gemspec
I, [2014-07-25T15:41:58.815617 #1477]  INFO -- : 0:  i18n (0.6.9) from /Users/anthonyedwardsjr/.rvm/gems/ruby-2.0.0-p353@global/specifications/i18n-0.6.9.gemspec
I, [2014-07-25T15:41:58.816211 #1477]  INFO -- : 0:  json (1.8.1) from /Users/anthonyedwardsjr/.rvm/gems/ruby-2.0.0-p353/specifications/json-1.8.1.gemspec
I, [2014-07-25T15:41:58.816770 #1477]  INFO -- : 0:  minitest (5.3.4) from /Users/anthonyedwardsjr/.rvm/gems/ruby-2.0.0-p353/specifications/minitest-5.3.4.gemspec
I, [2014-07-25T15:41:58.817283 #1477]  INFO -- : 0:  thread_safe (0.3.4) from /Users/anthonyedwardsjr/.rvm/gems/ruby-2.0.0-p353/specifications/thread_safe-0.3.4.gemspec
I, [2014-07-25T15:41:58.817740 #1477]  INFO -- : 0:  tzinfo (1.2.0) from /Users/anthonyedwardsjr/.rvm/gems/ruby-2.0.0-p353/specifications/tzinfo-1.2.0.gemspec
I, [2014-07-25T15:41:58.818151 #1477]  INFO -- : 0:  activesupport (4.1.1) from /Users/anthonyedwardsjr/.rvm/gems/ruby-2.0.0-p353/specifications/activesupport-4.1.1.gemspec
I, [2014-07-25T15:41:58.818558 #1477]  INFO -- : 0:  builder (3.2.2) from /Users/anthonyedwardsjr/.rvm/gems/ruby-2.0.0-p353/specifications/builder-3.2.2.gemspec
I, [2014-07-25T15:41:58.818964 #1477]  INFO -- : 0:  activemodel (4.1.1) from /Users/anthonyedwardsjr/.rvm/gems/ruby-2.0.0-p353/specifications/activemodel-4.1.1.gemspec
I, [2014-07-25T15:41:58.819370 #1477]  INFO -- : 0:  arel (5.0.1.20140414130214) from /Users/anthonyedwardsjr/.rvm/gems/ruby-2.0.0-p353/specifications/arel-5.0.1.20140414130214.gemspec
I, [2014-07-25T15:41:58.819781 #1477]  INFO -- : 0:  activerecord (4.1.1) from /Users/anthonyedwardsjr/.rvm/gems/ruby-2.0.0-p353/specifications/activerecord-4.1.1.gemspec
I, [2014-07-25T15:41:58.820186 #1477]  INFO -- : 0:  backports (3.6.0) from /Users/anthonyedwardsjr/.rvm/gems/ruby-2.0.0-p353/specifications/backports-3.6.0.gemspec
I, [2014-07-25T15:41:58.820588 #1477]  INFO -- : 0:  mime-types (2.3) from /Users/anthonyedwardsjr/.rvm/gems/ruby-2.0.0-p353/specifications/mime-types-2.3.gemspec
I, [2014-07-25T15:41:58.820994 #1477]  INFO -- : 0:  rack (1.5.2) from /Users/anthonyedwardsjr/.rvm/gems/ruby-2.0.0-p353@global/specifications/rack-1.5.2.gemspec
I, [2014-07-25T15:41:58.821353 #1477]  INFO -- : 0:  rack-test (0.6.2) from /Users/anthonyedwardsjr/.rvm/gems/ruby-2.0.0-p353@global/specifications/rack-test-0.6.2.gemspec
I, [2014-07-25T15:41:58.821677 #1477]  INFO -- : 0:  capybara (2.2.1) from /Users/anthonyedwardsjr/.rvm/gems/ruby-2.0.0-p353/specifications/capybara-2.2.1.gemspec
I, [2014-07-25T15:41:58.822001 #1477]  INFO -- : 0:  daemons (1.1.9) from /Users/anthonyedwardsjr/.rvm/gems/ruby-2.0.0-p353/specifications/daemons-1.1.9.gemspec
I, [2014-07-25T15:41:58.822333 #1477]  INFO -- : 0:  diff-lcs (1.2.5) from /Users/anthonyedwardsjr/.rvm/gems/ruby-2.0.0-p353/specifications/diff-lcs-1.2.5.gemspec
I, [2014-07-25T15:41:58.822692 #1477]  INFO -- : 0:  eventmachine (1.0.3) from /Users/anthonyedwardsjr/.rvm/gems/ruby-2.0.0-p353/specifications/eventmachine-1.0.3.gemspec
I, [2014-07-25T15:41:58.823208 #1477]  INFO -- : 0:  factory_girl (4.4.0) from /Users/anthonyedwardsjr/.rvm/gems/ruby-2.0.0-p353/specifications/factory_girl-4.4.0.gemspec
I, [2014-07-25T15:41:58.823690 #1477]  INFO -- : 0:  faker (1.3.0) from /Users/anthonyedwardsjr/.rvm/gems/ruby-2.0.0-p353/specifications/faker-1.3.0.gemspec
I, [2014-07-25T15:41:58.824081 #1477]  INFO -- : 0:  multi_json (1.10.1) from /Users/anthonyedwardsjr/.rvm/gems/ruby-2.0.0-p353/specifications/multi_json-1.10.1.gemspec
I, [2014-07-25T15:41:58.824445 #1477]  INFO -- : 0:  pg (0.17.1) from /Users/anthonyedwardsjr/.rvm/gems/ruby-2.0.0-p353/specifications/pg-0.17.1.gemspec
I, [2014-07-25T15:41:58.824809 #1477]  INFO -- : 0:  rack-protection (1.5.3) from /Users/anthonyedwardsjr/.rvm/gems/ruby-2.0.0-p353/specifications/rack-protection-1.5.3.gemspec
I, [2014-07-25T15:41:58.825222 #1477]  INFO -- : 0:  rspec-core (2.14.8) from /Users/anthonyedwardsjr/.rvm/gems/ruby-2.0.0-p353/specifications/rspec-core-2.14.8.gemspec
I, [2014-07-25T15:41:58.825626 #1477]  INFO -- : 0:  rspec-expectations (2.14.5) from /Users/anthonyedwardsjr/.rvm/gems/ruby-2.0.0-p353/specifications/rspec-expectations-2.14.5.gemspec
I, [2014-07-25T15:41:58.825944 #1477]  INFO -- : 0:  rspec-mocks (2.14.6) from /Users/anthonyedwardsjr/.rvm/gems/ruby-2.0.0-p353/specifications/rspec-mocks-2.14.6.gemspec
I, [2014-07-25T15:41:58.826206 #1477]  INFO -- : 0:  rspec (2.14.1) from /Users/anthonyedwardsjr/.rvm/gems/ruby-2.0.0-p353/specifications/rspec-2.14.1.gemspec
I, [2014-07-25T15:41:58.826460 #1477]  INFO -- : 0:  shotgun (0.9) from /Users/anthonyedwardsjr/.rvm/gems/ruby-2.0.0-p353/specifications/shotgun-0.9.gemspec
I, [2014-07-25T15:41:58.826715 #1477]  INFO -- : 0:  shoulda-matchers (2.6.1) from /Users/anthonyedwardsjr/.rvm/gems/ruby-2.0.0-p353/specifications/shoulda-matchers-2.6.1.gemspec
I, [2014-07-25T15:41:58.826983 #1477]  INFO -- : 0:  tilt (1.4.1) from /Users/anthonyedwardsjr/.rvm/gems/ruby-2.0.0-p353@global/specifications/tilt-1.4.1.gemspec
I, [2014-07-25T15:41:58.827243 #1477]  INFO -- : 0:  sinatra (1.4.5) from /Users/anthonyedwardsjr/.rvm/gems/ruby-2.0.0-p353/specifications/sinatra-1.4.5.gemspec
I, [2014-07-25T15:41:58.827503 #1477]  INFO -- : 0:  sinatra-contrib (1.4.2) from /Users/anthonyedwardsjr/.rvm/gems/ruby-2.0.0-p353/specifications/sinatra-contrib-1.4.2.gemspec
I, [2014-07-25T15:41:58.827755 #1477]  INFO -- : 0:  thin (1.6.2) from /Users/anthonyedwardsjr/.rvm/gems/ruby-2.0.0-p353/specifications/thin-1.6.2.gemspec
I, [2014-07-25T15:41:58.828010 #1477]  INFO -- : 0:  bundler (1.5.1) from /Users/anthonyedwardsjr/.rvm/gems/ruby-2.0.0-p353/specifications/bundler-1.5.1.gemspec
I, [2014-07-27T11:02:00.736644 #44763]  INFO -- : 0:  rake (10.3.2) from /Users/anthonyedwardsjr/.rvm/gems/ruby-2.0.0-p353/specifications/rake-10.3.2.gemspec
I, [2014-07-27T11:02:02.459586 #44763]  INFO -- : 0:  i18n (0.6.11) from /Users/anthonyedwardsjr/.rvm/gems/ruby-2.0.0-p353/specifications/i18n-0.6.11.gemspec
I, [2014-07-27T11:02:02.460225 #44763]  INFO -- : 0:  json (1.8.1) from /Users/anthonyedwardsjr/.rvm/gems/ruby-2.0.0-p353/specifications/json-1.8.1.gemspec
I, [2014-07-27T11:02:04.194308 #44763]  INFO -- : 0:  minitest (5.4.0) from /Users/anthonyedwardsjr/.rvm/gems/ruby-2.0.0-p353/specifications/minitest-5.4.0.gemspec
I, [2014-07-27T11:02:04.194800 #44763]  INFO -- : 0:  thread_safe (0.3.4) from /Users/anthonyedwardsjr/.rvm/gems/ruby-2.0.0-p353/specifications/thread_safe-0.3.4.gemspec
I, [2014-07-27T11:02:04.195055 #44763]  INFO -- : 0:  tzinfo (1.2.1) from /Users/anthonyedwardsjr/.rvm/gems/ruby-2.0.0-p353/specifications/tzinfo-1.2.1.gemspec
I, [2014-07-27T11:02:06.074900 #44763]  INFO -- : 0:  activesupport (4.1.4) from /Users/anthonyedwardsjr/.rvm/gems/ruby-2.0.0-p353/specifications/activesupport-4.1.4.gemspec
I, [2014-07-27T11:02:06.075305 #44763]  INFO -- : 0:  builder (3.2.2) from /Users/anthonyedwardsjr/.rvm/gems/ruby-2.0.0-p353/specifications/builder-3.2.2.gemspec
I, [2014-07-27T11:02:07.172505 #44763]  INFO -- : 0:  activemodel (4.1.4) from /Users/anthonyedwardsjr/.rvm/gems/ruby-2.0.0-p353/specifications/activemodel-4.1.4.gemspec
I, [2014-07-27T11:02:07.172881 #44763]  INFO -- : 0:  arel (5.0.1.20140414130214) from /Users/anthonyedwardsjr/.rvm/gems/ruby-2.0.0-p353/specifications/arel-5.0.1.20140414130214.gemspec
I, [2014-07-27T11:02:10.344791 #44763]  INFO -- : 0:  activerecord (4.1.4) from /Users/anthonyedwardsjr/.rvm/gems/ruby-2.0.0-p353/specifications/activerecord-4.1.4.gemspec
I, [2014-07-27T11:02:10.345150 #44763]  INFO -- : 0:  backports (3.6.0) from /Users/anthonyedwardsjr/.rvm/gems/ruby-2.0.0-p353/specifications/backports-3.6.0.gemspec
I, [2014-07-27T11:02:10.345461 #44763]  INFO -- : 0:  mime-types (2.3) from /Users/anthonyedwardsjr/.rvm/gems/ruby-2.0.0-p353/specifications/mime-types-2.3.gemspec
I, [2014-07-27T11:02:10.345754 #44763]  INFO -- : 0:  mini_portile (0.6.0) from /Users/anthonyedwardsjr/.rvm/gems/ruby-2.0.0-p353/specifications/mini_portile-0.6.0.gemspec
I, [2014-07-27T14:23:58.220898 #54093]  INFO -- : 0:  rake (10.3.2) from /Users/anthonyedwardsjr/.rvm/gems/ruby-2.0.0-p353/specifications/rake-10.3.2.gemspec
I, [2014-07-27T14:23:58.221284 #54093]  INFO -- : 0:  i18n (0.6.11) from /Users/anthonyedwardsjr/.rvm/gems/ruby-2.0.0-p353/specifications/i18n-0.6.11.gemspec
I, [2014-07-27T14:23:58.221539 #54093]  INFO -- : 0:  json (1.8.1) from /Users/anthonyedwardsjr/.rvm/gems/ruby-2.0.0-p353/specifications/json-1.8.1.gemspec
I, [2014-07-27T14:23:58.221796 #54093]  INFO -- : 0:  minitest (5.4.0) from /Users/anthonyedwardsjr/.rvm/gems/ruby-2.0.0-p353/specifications/minitest-5.4.0.gemspec
I, [2014-07-27T14:23:58.222038 #54093]  INFO -- : 0:  thread_safe (0.3.4) from /Users/anthonyedwardsjr/.rvm/gems/ruby-2.0.0-p353/specifications/thread_safe-0.3.4.gemspec
I, [2014-07-27T14:23:58.222277 #54093]  INFO -- : 0:  tzinfo (1.2.1) from /Users/anthonyedwardsjr/.rvm/gems/ruby-2.0.0-p353/specifications/tzinfo-1.2.1.gemspec
I, [2014-07-27T14:23:58.222516 #54093]  INFO -- : 0:  activesupport (4.1.4) from /Users/anthonyedwardsjr/.rvm/gems/ruby-2.0.0-p353/specifications/activesupport-4.1.4.gemspec
I, [2014-07-27T14:23:58.222749 #54093]  INFO -- : 0:  builder (3.2.2) from /Users/anthonyedwardsjr/.rvm/gems/ruby-2.0.0-p353/specifications/builder-3.2.2.gemspec
I, [2014-07-27T14:23:58.222984 #54093]  INFO -- : 0:  activemodel (4.1.4) from /Users/anthonyedwardsjr/.rvm/gems/ruby-2.0.0-p353/specifications/activemodel-4.1.4.gemspec
I, [2014-07-27T14:23:58.223216 #54093]  INFO -- : 0:  arel (5.0.1.20140414130214) from /Users/anthonyedwardsjr/.rvm/gems/ruby-2.0.0-p353/specifications/arel-5.0.1.20140414130214.gemspec
I, [2014-07-27T14:23:58.223450 #54093]  INFO -- : 0:  activerecord (4.1.4) from /Users/anthonyedwardsjr/.rvm/gems/ruby-2.0.0-p353/specifications/activerecord-4.1.4.gemspec
I, [2014-07-27T14:23:58.223679 #54093]  INFO -- : 0:  backports (3.6.0) from /Users/anthonyedwardsjr/.rvm/gems/ruby-2.0.0-p353/specifications/backports-3.6.0.gemspec
I, [2014-07-27T14:23:58.223904 #54093]  INFO -- : 0:  bcrypt (3.1.7) from /Users/anthonyedwardsjr/.rvm/gems/ruby-2.0.0-p353/specifications/bcrypt-3.1.7.gemspec
I, [2014-07-27T14:23:58.224134 #54093]  INFO -- : 0:  mime-types (2.3) from /Users/anthonyedwardsjr/.rvm/gems/ruby-2.0.0-p353/specifications/mime-types-2.3.gemspec
I, [2014-07-27T14:23:58.224358 #54093]  INFO -- : 0:  mini_portile (0.6.0) from /Users/anthonyedwardsjr/.rvm/gems/ruby-2.0.0-p353/specifications/mini_portile-0.6.0.gemspec
I, [2014-07-27T14:25:21.430501 #54093]  INFO -- : 0:  nokogiri (1.6.3.1) from /Users/anthonyedwardsjr/.rvm/gems/ruby-2.0.0-p353/specifications/nokogiri-1.6.3.1.gemspec
I, [2014-07-27T14:25:21.431440 #54093]  INFO -- : 0:  rack (1.5.2) from /Users/anthonyedwardsjr/.rvm/gems/ruby-2.0.0-p353@global/specifications/rack-1.5.2.gemspec
I, [2014-07-27T14:25:21.431948 #54093]  INFO -- : 0:  rack-test (0.6.2) from /Users/anthonyedwardsjr/.rvm/gems/ruby-2.0.0-p353@global/specifications/rack-test-0.6.2.gemspec
I, [2014-07-27T14:25:23.377262 #54093]  INFO -- : 0:  xpath (2.0.0) from /Users/anthonyedwardsjr/.rvm/gems/ruby-2.0.0-p353/specifications/xpath-2.0.0.gemspec
I, [2014-07-27T14:25:24.926632 #54093]  INFO -- : 0:  capybara (2.4.1) from /Users/anthonyedwardsjr/.rvm/gems/ruby-2.0.0-p353/specifications/capybara-2.4.1.gemspec
I, [2014-07-27T14:25:25.877833 #54093]  INFO -- : 0:  chartkick (1.3.2) from /Users/anthonyedwardsjr/.rvm/gems/ruby-2.0.0-p353/specifications/chartkick-1.3.2.gemspec
I, [2014-07-27T14:25:25.878252 #54093]  INFO -- : 0:  daemons (1.1.9) from /Users/anthonyedwardsjr/.rvm/gems/ruby-2.0.0-p353/specifications/daemons-1.1.9.gemspec
I, [2014-07-27T14:25:25.878567 #54093]  INFO -- : 0:  diff-lcs (1.2.5) from /Users/anthonyedwardsjr/.rvm/gems/ruby-2.0.0-p353/specifications/diff-lcs-1.2.5.gemspec
I, [2014-07-27T14:25:25.878871 #54093]  INFO -- : 0:  eventmachine (1.0.3) from /Users/anthonyedwardsjr/.rvm/gems/ruby-2.0.0-p353/specifications/eventmachine-1.0.3.gemspec
I, [2014-07-27T14:25:25.879168 #54093]  INFO -- : 0:  factory_girl (4.4.0) from /Users/anthonyedwardsjr/.rvm/gems/ruby-2.0.0-p353/specifications/factory_girl-4.4.0.gemspec
I, [2014-07-27T14:25:27.393397 #54093]  INFO -- : 0:  faker (1.4.2) from /Users/anthonyedwardsjr/.rvm/gems/ruby-2.0.0-p353/specifications/faker-1.4.2.gemspec
I, [2014-07-27T14:25:27.393781 #54093]  INFO -- : 0:  multi_json (1.10.1) from /Users/anthonyedwardsjr/.rvm/gems/ruby-2.0.0-p353/specifications/multi_json-1.10.1.gemspec
I, [2014-07-27T14:25:27.394040 #54093]  INFO -- : 0:  pg (0.17.1) from /Users/anthonyedwardsjr/.rvm/gems/ruby-2.0.0-p353/specifications/pg-0.17.1.gemspec
I, [2014-07-27T14:25:27.394286 #54093]  INFO -- : 0:  rack-protection (1.5.3) from /Users/anthonyedwardsjr/.rvm/gems/ruby-2.0.0-p353/specifications/rack-protection-1.5.3.gemspec
I, [2014-07-27T14:25:28.507792 #54093]  INFO -- : 0:  rspec-support (3.0.3) from /Users/anthonyedwardsjr/.rvm/gems/ruby-2.0.0-p353/specifications/rspec-support-3.0.3.gemspec
I, [2014-07-27T14:25:29.707273 #54093]  INFO -- : 0:  rspec-core (3.0.3) from /Users/anthonyedwardsjr/.rvm/gems/ruby-2.0.0-p353/specifications/rspec-core-3.0.3.gemspec
I, [2014-07-27T14:25:30.495243 #54093]  INFO -- : 0:  rspec-expectations (3.0.3) from /Users/anthonyedwardsjr/.rvm/gems/ruby-2.0.0-p353/specifications/rspec-expectations-3.0.3.gemspec
I, [2014-07-27T14:25:31.656131 #54093]  INFO -- : 0:  rspec-mocks (3.0.3) from /Users/anthonyedwardsjr/.rvm/gems/ruby-2.0.0-p353/specifications/rspec-mocks-3.0.3.gemspec
I, [2014-07-27T14:25:31.656577 #54093]  INFO -- : 0:  rspec (3.0.0) from /Users/anthonyedwardsjr/.rvm/gems/ruby-2.0.0-p353/specifications/rspec-3.0.0.gemspec
I, [2014-07-27T14:25:31.656877 #54093]  INFO -- : 0:  shotgun (0.9) from /Users/anthonyedwardsjr/.rvm/gems/ruby-2.0.0-p353/specifications/shotgun-0.9.gemspec
I, [2014-07-27T14:25:33.200146 #54093]  INFO -- : 0:  shoulda-matchers (2.6.2) from /Users/anthonyedwardsjr/.rvm/gems/ruby-2.0.0-p353/specifications/shoulda-matchers-2.6.2.gemspec
I, [2014-07-27T14:25:33.200623 #54093]  INFO -- : 0:  tilt (1.4.1) from /Users/anthonyedwardsjr/.rvm/gems/ruby-2.0.0-p353@global/specifications/tilt-1.4.1.gemspec
I, [2014-07-27T14:25:33.200921 #54093]  INFO -- : 0:  sinatra (1.4.5) from /Users/anthonyedwardsjr/.rvm/gems/ruby-2.0.0-p353/specifications/sinatra-1.4.5.gemspec
I, [2014-07-27T14:25:33.201274 #54093]  INFO -- : 0:  sinatra-contrib (1.4.2) from /Users/anthonyedwardsjr/.rvm/gems/ruby-2.0.0-p353/specifications/sinatra-contrib-1.4.2.gemspec
I, [2014-07-27T14:25:33.201574 #54093]  INFO -- : 0:  thin (1.6.2) from /Users/anthonyedwardsjr/.rvm/gems/ruby-2.0.0-p353/specifications/thin-1.6.2.gemspec
I, [2014-07-27T14:25:33.201849 #54093]  INFO -- : 0:  bundler (1.5.1) from /Users/anthonyedwardsjr/.rvm/gems/ruby-2.0.0-p353/specifications/bundler-1.5.1.gemspec
